<?xml version="1.0" encoding="UTF-8"?>
<!-- Generated by org.testng.reporters.JUnitXMLReporter -->
<testsuite ignored="0" hostname="LIN80020702" failures="0" tests="3" name="Default test" time="14.599" errors="0" timestamp="2024-07-02T17:30:55 IST">
  <testcase classname="Day_6_Auth.Authentication" name="testBasicAuthentication" time="10.014"/>
  <testcase classname="Day_6_Auth.Authentication" name="testdigestAuthentication" time="3.156"/>
  <testcase classname="Day_6_Auth.Authentication" name="testpreemptiveAuthentication" time="1.29"/>
</testsuite> <!-- Default test -->
