<?xml version="1.0" encoding="UTF-8"?>
<testng-results ignored="0" total="3" passed="3" failed="0" skipped="0">
  <reporter-output>
  </reporter-output>
  <suite started-at="2024-07-02T17:30:41 IST" name="Default suite" finished-at="2024-07-02T17:30:55 IST" duration-ms="14599">
    <groups>
    </groups>
    <test started-at="2024-07-02T17:30:41 IST" name="Default test" finished-at="2024-07-02T17:30:55 IST" duration-ms="14599">
      <class name="Day_6_Auth.Authentication">
        <test-method signature="testBasicAuthentication()[pri:1, instance:Day_6_Auth.Authentication@4e096385]" started-at="2024-07-02T17:30:41 IST" name="testBasicAuthentication" finished-at="2024-07-02T17:30:51 IST" duration-ms="10014" status="PASS">
          <reporter-output>
          </reporter-output>
        </test-method> <!-- testBasicAuthentication -->
        <test-method signature="testdigestAuthentication()[pri:2, instance:Day_6_Auth.Authentication@4e096385]" started-at="2024-07-02T17:30:51 IST" name="testdigestAuthentication" finished-at="2024-07-02T17:30:54 IST" duration-ms="3156" status="PASS">
          <reporter-output>
          </reporter-output>
        </test-method> <!-- testdigestAuthentication -->
        <test-method signature="testpreemptiveAuthentication()[pri:3, instance:Day_6_Auth.Authentication@4e096385]" started-at="2024-07-02T17:30:54 IST" name="testpreemptiveAuthentication" finished-at="2024-07-02T17:30:55 IST" duration-ms="1290" status="PASS">
          <reporter-output>
          </reporter-output>
        </test-method> <!-- testpreemptiveAuthentication -->
      </class> <!-- Day_6_Auth.Authentication -->
    </test> <!-- Default test -->
  </suite> <!-- Default suite -->
</testng-results>
